Arguments: 
  C:\Program Files\nodejs\node.exe C:\Program Files (x86)\Yarn\bin\yarn.js add socket-request

PATH: 
  D:\Libs\cmder\bin;D:\Libs\cmder\vendor\conemu-maximus5\ConEmu\Scripts;D:\Libs\cmder\vendor\conemu-maximus5;D:\Libs\cmder\vendor\conemu-maximus5\ConEmu;C:\Program Files (x86)\Common Files\Oracle\Java\javapath;D:\Libs\Python27\;D:\Libs\Python27\Scripts;C:\ProgramData\Oracle\Java\javapath;C:\WINDOWS\system32;C:\WINDOWS;C:\Program Files (x86)\Windows Kits\8.1\Windows Performance Toolkit\;C:\Program Files\Microsoft SQL Server\110\Tools\Binn\;C:\Program Files (x86)\Microsoft SDKs\TypeScript\1.0\;C:\Program Files\Microsoft SQL Server\120\Tools\Binn\;C:\Android;C:\WINDOWS\SysWOW64\WindowsPowerShell\v1.0\Modules\TShell\TShell\;D:\Program Files (x86)\GNU\GnuPG\pub;C:\Program Files (x86)\NVIDIA Corporation\PhysX\Common;C:\WINDOWS\System32\Wbem;C:\WINDOWS\System32\WindowsPowerShell\v1.0\;D:\Libs\Git LFS;D:\Go\bin;D:\Libs\Git\cmd;C:\Users\music\AppData\Roaming\nvm;C:\Program Files\nodejs;C:\WINDOWS\System32\OpenSSH\;C:\Program Files (x86)\Yarn\bin\;D:\Users\music\AppData\Local\Programs\Python\Python36\Scripts\;D:\Users\music\AppData\Local\Programs\Python\Python36\;D:\Libs\Ruby23-x64\bin;C:\Users\music\AppData\Local\atom\bin;D:\Libs\Java\jre8;C:\Users\music\AppData\Local\Microsoft\WindowsApps;C:\Users\music\AppData\Local\Google\Cloud SDK\google-cloud-sdk\bin;D:\Program Files (x86)\Yarn\bin;G:\Program Files\Heroku\bin;G:\Program Files\CMake\bin;D:\Users\music\AppData\Roaming\npm;C:\Users\music\AppData\Local\now-cli;C:\Users\music\AppData\Local\GitHubDesktop\bin;C:\Users\music\AppData\Roaming\nvm;C:\Program Files\nodejs;C:\Users\music\AppData\Local\Microsoft\WindowsApps;C:\Users\music\AppData\Local\Yarn\bin;D:\Libs\Git\usr\bin;D:\Libs\Git\usr\share\vim\vim74;D:\Libs\cmder\

Yarn version: 
  1.7.0

Node version: 
  9.8.0

Platform: 
  win32 x64

Trace: 
  Error: EPERM: operation not permitted, unlink 'D:\Workspace\ipos\ipos\node_modules\websocket\build\Release\validation.node'

npm manifest: 
  {
    "name": "ipos-desktop",
    "version": "0.1.0",
    "description": "Interplanetary os desktop",
    "main": "index.js",
    "module": "dist/index.module.js",
    "browser": "dist/index.browser.js",
    "license": "MIT",
    "scripts": {
      "start": "live-server --port=2222",
      "build": "rollup -c"
    },
    "dependencies": {
      "socket-request": "^0.1.2"
    },
    "devDependencies": {
      "rollup": "^0.59.4"
    }
  }

yarn manifest: 
  No manifest

Lockfile: 
  No lockfile
