Arguments: 
  C:\Program Files\nodejs\node.exe C:\Program Files (x86)\Yarn\bin\yarn.js add custom-select-mixin

PATH: 
  D:\Libs\cmder\bin;D:\Libs\cmder\vendor\conemu-maximus5\ConEmu\Scripts;D:\Libs\cmder\vendor\conemu-maximus5;D:\Libs\cmder\vendor\conemu-maximus5\ConEmu;C:\Program Files (x86)\Common Files\Oracle\Java\javapath;D:\Libs\Python27\;D:\Libs\Python27\Scripts;C:\ProgramData\Oracle\Java\javapath;C:\WINDOWS\system32;C:\WINDOWS;C:\Program Files (x86)\Windows Kits\8.1\Windows Performance Toolkit\;C:\Program Files\Microsoft SQL Server\110\Tools\Binn\;C:\Program Files (x86)\Microsoft SDKs\TypeScript\1.0\;C:\Program Files\Microsoft SQL Server\120\Tools\Binn\;C:\Android;C:\WINDOWS\SysWOW64\WindowsPowerShell\v1.0\Modules\TShell\TShell\;D:\Program Files (x86)\GNU\GnuPG\pub;C:\Program Files (x86)\NVIDIA Corporation\PhysX\Common;C:\WINDOWS\System32\Wbem;C:\WINDOWS\System32\WindowsPowerShell\v1.0\;D:\Libs\Git LFS;D:\Go\bin;D:\Libs\Git\cmd;%NVM_HOME%;%NVM_SYMLINK%;C:\WINDOWS\System32\OpenSSH\;C:\Program Files (x86)\Yarn\bin\;D:\Users\music\AppData\Local\Programs\Python\Python36\Scripts\;D:\Users\music\AppData\Local\Programs\Python\Python36\;D:\Libs\Ruby23-x64\bin;C:\Users\music\AppData\Local\atom\bin;D:\Libs\Java\jre8;C:\Users\music\AppData\Local\Microsoft\WindowsApps;C:\Users\music\AppData\Local\Google\Cloud SDK\google-cloud-sdk\bin;D:\Program Files (x86)\Yarn\bin;G:\Program Files\Heroku\bin;G:\Program Files\CMake\bin;D:\Users\music\AppData\Roaming\npm;C:\Users\music\AppData\Local\now-cli;C:\Users\music\AppData\Local\GitHubDesktop\bin;C:\Users\music\AppData\Roaming\nvm;C:\Program Files\nodejs;C:\Users\music\AppData\Local\Microsoft\WindowsApps;C:\Users\music\AppData\Local\Yarn\bin;D:\Libs\Git\usr\bin;D:\Libs\Git\usr\share\vim\vim74;D:\Libs\cmder\

Yarn version: 
  1.7.0

Node version: 
  9.8.0

Platform: 
  win32 x64

Trace: 
  Error: https://registry.yarnpkg.com/custom-select-mixin: Not found
      at Request.params.callback [as _callback] (C:\Program Files (x86)\Yarn\lib\cli.js:65656:18)
      at Request.self.callback (C:\Program Files (x86)\Yarn\lib\cli.js:134675:22)
      at Request.emit (events.js:180:13)
      at Request.<anonymous> (C:\Program Files (x86)\Yarn\lib\cli.js:135658:10)
      at Request.emit (events.js:180:13)
      at IncomingMessage.<anonymous> (C:\Program Files (x86)\Yarn\lib\cli.js:135578:12)
      at Object.onceWrapper (events.js:272:13)
      at IncomingMessage.emit (events.js:185:15)
      at endReadableNT (_stream_readable.js:1101:12)
      at process._tickCallback (internal/process/next_tick.js:114:19)

npm manifest: 
  {
    "name": "ipos-system",
    "version": "0.1.0",
    "description": "IPOS base modules",
    "main": "index.js",
    "license": "MIT",
    "scripts": {
      "build": "rollup -c"
    },
    "dependencies": {
      "backed": "0.13.0",
      "custom-html-tag": "^1.0.0",
      "custom-renderer": "^1.0.0",
      "custom-renderer-mixin": "^1.0.1",
      "custom-svg-icon": "^0.10.2",
      "custom-svg-iconset": "^0.9.1",
      "extsprintf": "^1.3.0",
      "little-pubsub": "^0.2.0",
      "ms": "^2.0.0",
      "uuid": "^3.2.1"
    },
    "devDependencies": {
      "rollup": "^0.59.4"
    },
    "flat": true,
    "resolutions": {
      "ansi-regex": "3.0.0",
      "aproba": "2.0.0",
      "cacache": "11.0.2",
      "iferr": "1.0.0",
      "mississippi": "3.0.0",
      "nopt": "4.0.1",
      "npm-registry-fetch": "3.1.1",
      "readable-stream": "2.3.6",
      "request": "2.87.0",
      "retry": "0.12.0",
      "semver": "5.5.0",
      "ssri": "6.0.0",
      "strip-ansi": "4.0.0",
      "tar": "4.4.4",
      "y18n": "4.0.0",
      "string-width": "2.1.1",
      "is-fullwidth-code-point": "2.0.0",
      "make-fetch-happen": "4.0.1",
      "socks-proxy-agent": "4.0.1",
      "ms": "2.1.1",
      "socks": "2.2.0",
      "smart-buffer": "4.0.1",
      "yallist": "3.0.2",
      "from2": "2.3.0",
      "pump": "3.0.0",
      "minimist": "1.2.0",
      "aws-sign2": "0.7.0",
      "form-data": "2.3.2",
      "har-validator": "5.0.3",
      "http-signature": "1.2.0",
      "performance-now": "2.1.0",
      "qs": "6.5.2",
      "ajv": "5.5.2",
      "har-schema": "2.0.0",
      "assert-plus": "1.0.0",
      "extsprintf": "1.4.0",
      "isarray": "1.0.0",
      "string_decoder": "1.1.1",
      "debug": "3.1.0"
    }
  }

yarn manifest: 
  No manifest

Lockfile: 
  # THIS IS AN AUTOGENERATED FILE. DO NOT EDIT THIS FILE DIRECTLY.
  # yarn lockfile v1
  
  
  "@types/estree@0.0.39":
    version "0.0.39"
    resolved "https://registry.yarnpkg.com/@types/estree/-/estree-0.0.39.tgz#e177e699ee1b8c22d23174caaa7422644389509f"
  
  "@types/node@*":
    version "10.3.4"
    resolved "https://registry.yarnpkg.com/@types/node/-/node-10.3.4.tgz#c74e8aec19e555df44609b8057311052a2c84d9e"
  
  "@webcomponents/custom-elements@webcomponents/custom-elements":
    version "1.1.2"
    resolved "https://codeload.github.com/webcomponents/custom-elements/tar.gz/2b63886b2955c10ae7e322fe1ef7b954a13ad11e"
  
  abbrev@1:
    version "1.1.1"
    resolved "https://registry.yarnpkg.com/abbrev/-/abbrev-1.1.1.tgz#f8f2c887ad10bf67f634f005b6987fed3179aac8"
  
  agent-base@4, agent-base@^4.1.0, agent-base@~4.2.0:
    version "4.2.0"
    resolved "https://registry.yarnpkg.com/agent-base/-/agent-base-4.2.0.tgz#9838b5c3392b962bad031e6a4c5e1024abec45ce"
    dependencies:
      es6-promisify "^5.0.0"
  
  agentkeepalive@^3.4.1:
    version "3.4.1"
    resolved "https://registry.yarnpkg.com/agentkeepalive/-/agentkeepalive-3.4.1.tgz#aa95aebc3a749bca5ed53e3880a09f5235b48f0c"
    dependencies:
      humanize-ms "^1.2.1"
  
  ajv@5.5.2, ajv@^5.1.0:
    version "5.5.2"
    resolved "https://registry.yarnpkg.com/ajv/-/ajv-5.5.2.tgz#73b5eeca3fab653e3d3f9422b341ad42205dc965"
    dependencies:
      co "^4.6.0"
      fast-deep-equal "^1.0.0"
      fast-json-stable-stringify "^2.0.0"
      json-schema-traverse "^0.3.0"
  
  ansi-regex@3.0.0, ansi-regex@^3.0.0:
    version "3.0.0"
    resolved "https://registry.yarnpkg.com/ansi-regex/-/ansi-regex-3.0.0.tgz#ed0317c322064f79466c02966bddb605ab37d998"
  
  aproba@2.0.0:
    version "2.0.0"
    resolved "https://registry.yarnpkg.com/aproba/-/aproba-2.0.0.tgz#52520b8ae5b569215b354efc0caa3fe1e45a8adc"
  
  aproba@^1.1.1:
    version "1.2.0"
    resolved "https://registry.yarnpkg.com/aproba/-/aproba-1.2.0.tgz#6802e6264efd18c790a1b0d517f0f2627bf2c94a"
  
  asn1@~0.2.3:
    version "0.2.3"
    resolved "https://registry.yarnpkg.com/asn1/-/asn1-0.2.3.tgz#dac8787713c9966849fc8180777ebe9c1ddf3b86"
  
  assert-plus@1.0.0, assert-plus@^1.0.0:
    version "1.0.0"
    resolved "https://registry.yarnpkg.com/assert-plus/-/assert-plus-1.0.0.tgz#f12e0f3c5d77b0b1cdd9146942e4e96c1e4dd525"
  
  asynckit@^0.4.0:
    version "0.4.0"
    resolved "https://registry.yarnpkg.com/asynckit/-/asynckit-0.4.0.tgz#c79ed97f7f34cb8f2ba1bc9790bcc366474b4b79"
  
  aws-sign2@0.7.0, aws-sign2@~0.7.0:
    version "0.7.0"
    resolved "https://registry.yarnpkg.com/aws-sign2/-/aws-sign2-0.7.0.tgz#b46e890934a9591f2d2f6f86d7e6a9f1b3fe76a8"
  
  aws4@^1.6.0:
    version "1.7.0"
    resolved "https://registry.yarnpkg.com/aws4/-/aws4-1.7.0.tgz#d4d0e9b9dbfca77bf08eeb0a8a471550fe39e289"
  
  backed@0.13.0:
    version "0.13.0"
    resolved "https://registry.yarnpkg.com/backed/-/backed-0.13.0.tgz#0852aae4fa498a77c0445d5afb9999c640543929"
  
  balanced-match@^1.0.0:
    version "1.0.0"
    resolved "https://registry.yarnpkg.com/balanced-match/-/balanced-match-1.0.0.tgz#89b4d199ab2bee49de164ea02b89ce462d71b767"
  
  bcrypt-pbkdf@^1.0.0:
    version "1.0.1"
    resolved "https://registry.yarnpkg.com/bcrypt-pbkdf/-/bcrypt-pbkdf-1.0.1.tgz#63bc5dcb61331b92bc05fd528953c33462a06f8d"
    dependencies:
      tweetnacl "^0.14.3"
  
  bluebird@^3.5.1:
    version "3.5.1"
    resolved "https://registry.yarnpkg.com/bluebird/-/bluebird-3.5.1.tgz#d9551f9de98f1fcda1e683d17ee91a0602ee2eb9"
  
  brace-expansion@^1.1.7:
    version "1.1.11"
    resolved "https://registry.yarnpkg.com/brace-expansion/-/brace-expansion-1.1.11.tgz#3c7fcbf529d87226f3d2f52b966ff5271eb441dd"
    dependencies:
      balanced-match "^1.0.0"
      concat-map "0.0.1"
  
  buffer-from@^1.0.0:
    version "1.1.0"
    resolved "https://registry.yarnpkg.com/buffer-from/-/buffer-from-1.1.0.tgz#87fcaa3a298358e0ade6e442cfce840740d1ad04"
  
  builtins@^1.0.3:
    version "1.0.3"
    resolved "https://registry.yarnpkg.com/builtins/-/builtins-1.0.3.tgz#cb94faeb61c8696451db36534e1422f94f0aee88"
  
  cacache@11.0.2, cacache@^11.0.1:
    version "11.0.2"
    resolved "https://registry.yarnpkg.com/cacache/-/cacache-11.0.2.tgz#ff30541a05302200108a759e660e30786f788764"
    dependencies:
      bluebird "^3.5.1"
      chownr "^1.0.1"
      figgy-pudding "^3.1.0"
      glob "^7.1.2"
      graceful-fs "^4.1.11"
      lru-cache "^4.1.2"
      mississippi "^3.0.0"
      mkdirp "^0.5.1"
      move-concurrently "^1.0.1"
      promise-inflight "^1.0.1"
      rimraf "^2.6.2"
      ssri "^6.0.0"
      unique-filename "^1.1.0"
      y18n "^4.0.0"
  
  caseless@~0.12.0:
    version "0.12.0"
    resolved "https://registry.yarnpkg.com/caseless/-/caseless-0.12.0.tgz#1b681c21ff84033c826543090689420d187151dc"
  
  chownr@^1.0.1:
    version "1.0.1"
    resolved "https://registry.yarnpkg.com/chownr/-/chownr-1.0.1.tgz#e2a75042a9551908bebd25b8523d5f9769d79181"
  
  co@^4.6.0:
    version "4.6.0"
    resolved "https://registry.yarnpkg.com/co/-/co-4.6.0.tgz#6ea6bdf3d853ae54ccb8e47bfa0bf3f9031fb184"
  
  combined-stream@1.0.6, combined-stream@~1.0.5:
    version "1.0.6"
    resolved "https://registry.yarnpkg.com/combined-stream/-/combined-stream-1.0.6.tgz#723e7df6e801ac5613113a7e445a9b69cb632818"
    dependencies:
      delayed-stream "~1.0.0"
  
  concat-map@0.0.1:
    version "0.0.1"
    resolved "https://registry.yarnpkg.com/concat-map/-/concat-map-0.0.1.tgz#d8a96bd77fd68df7793a73036a3ba0d5405d477b"
  
  concat-stream@^1.5.0:
    version "1.6.2"
    resolved "https://registry.yarnpkg.com/concat-stream/-/concat-stream-1.6.2.tgz#904bdf194cd3122fc675c77fc4ac3d4ff0fd1a34"
    dependencies:
      buffer-from "^1.0.0"
      inherits "^2.0.3"
      readable-stream "^2.2.2"
      typedarray "^0.0.6"
  
  copy-concurrently@^1.0.0:
    version "1.0.5"
    resolved "https://registry.yarnpkg.com/copy-concurrently/-/copy-concurrently-1.0.5.tgz#92297398cae34937fcafd6ec8139c18051f0b5e0"
    dependencies:
      aproba "^1.1.1"
      fs-write-stream-atomic "^1.0.8"
      iferr "^0.1.5"
      mkdirp "^0.5.1"
      rimraf "^2.5.4"
      run-queue "^1.0.0"
  
  core-util-is@1.0.2, core-util-is@~1.0.0:
    version "1.0.2"
    resolved "https://registry.yarnpkg.com/core-util-is/-/core-util-is-1.0.2.tgz#b5fd54220aa2bc5ab57aab7140c940754503c1a7"
  
  custom-html-tag@^1.0.0:
    version "1.0.0"
    resolved "https://registry.yarnpkg.com/custom-html-tag/-/custom-html-tag-1.0.0.tgz#ad271e9cf05c6a4bb6889202c2d367f34194f5f2"
  
  custom-renderer-mixin@^1.0.1:
    version "1.0.1"
    resolved "https://registry.yarnpkg.com/custom-renderer-mixin/-/custom-renderer-mixin-1.0.1.tgz#9edb22a290612a325d100a126e7de8d780625c4d"
    dependencies:
      custom-html-tag "^1.0.0"
      custom-renderer "^1.0.0"
  
  custom-renderer@^1.0.0:
    version "1.0.0"
    resolved "https://registry.yarnpkg.com/custom-renderer/-/custom-renderer-1.0.0.tgz#571175a9bc4beb1ae436a6f8631c6df7ce65b558"
  
  custom-svg-icon@^0.10.2:
    version "0.10.2"
    resolved "https://registry.yarnpkg.com/custom-svg-icon/-/custom-svg-icon-0.10.2.tgz#838fd2fd8f73bcbfdb12fb3709d73da7c84257e5"
  
  custom-svg-iconset@^0.9.1:
    version "0.9.1"
    resolved "https://registry.yarnpkg.com/custom-svg-iconset/-/custom-svg-iconset-0.9.1.tgz#3fcb9595801bfafc7b526d7b826e6a306c331bad"
    dependencies:
      "@webcomponents/custom-elements" webcomponents/custom-elements
  
  cyclist@~0.2.2:
    version "0.2.2"
    resolved "https://registry.yarnpkg.com/cyclist/-/cyclist-0.2.2.tgz#1b33792e11e914a2fd6d6ed6447464444e5fa640"
  
  dashdash@^1.12.0:
    version "1.14.1"
    resolved "https://registry.yarnpkg.com/dashdash/-/dashdash-1.14.1.tgz#853cfa0f7cbe2fed5de20326b8dd581035f6e2f0"
    dependencies:
      assert-plus "^1.0.0"
  
  debug@3.1.0, debug@^3.1.0:
    version "3.1.0"
    resolved "https://registry.yarnpkg.com/debug/-/debug-3.1.0.tgz#5bb5a0672628b64149566ba16819e61518c67261"
    dependencies:
      ms "2.0.0"
  
  delayed-stream@~1.0.0:
    version "1.0.0"
    resolved "https://registry.yarnpkg.com/delayed-stream/-/delayed-stream-1.0.0.tgz#df3ae199acadfb7d440aaae0b29e2272b24ec619"
  
  duplexify@^3.4.2, duplexify@^3.6.0:
    version "3.6.0"
    resolved "https://registry.yarnpkg.com/duplexify/-/duplexify-3.6.0.tgz#592903f5d80b38d037220541264d69a198fb3410"
    dependencies:
      end-of-stream "^1.0.0"
      inherits "^2.0.1"
      readable-stream "^2.0.0"
      stream-shift "^1.0.0"
  
  ecc-jsbn@~0.1.1:
    version "0.1.1"
    resolved "https://registry.yarnpkg.com/ecc-jsbn/-/ecc-jsbn-0.1.1.tgz#0fc73a9ed5f0d53c38193398523ef7e543777505"
    dependencies:
      jsbn "~0.1.0"
  
  encoding@^0.1.11:
    version "0.1.12"
    resolved "https://registry.yarnpkg.com/encoding/-/encoding-0.1.12.tgz#538b66f3ee62cd1ab51ec323829d1f9480c74beb"
    dependencies:
      iconv-lite "~0.4.13"
  
  end-of-stream@^1.0.0, end-of-stream@^1.1.0:
    version "1.4.1"
    resolved "https://registry.yarnpkg.com/end-of-stream/-/end-of-stream-1.4.1.tgz#ed29634d19baba463b6ce6b80a37213eab71ec43"
    dependencies:
      once "^1.4.0"
  
  err-code@^1.0.0:
    version "1.1.2"
    resolved "https://registry.yarnpkg.com/err-code/-/err-code-1.1.2.tgz#06e0116d3028f6aef4806849eb0ea6a748ae6960"
  
  es6-promise@^4.0.3:
    version "4.2.4"
    resolved "https://registry.yarnpkg.com/es6-promise/-/es6-promise-4.2.4.tgz#dc4221c2b16518760bd8c39a52d8f356fc00ed29"
  
  es6-promisify@^5.0.0:
    version "5.0.0"
    resolved "https://registry.yarnpkg.com/es6-promisify/-/es6-promisify-5.0.0.tgz#5109d62f3e56ea967c4b63505aef08291c8a5203"
    dependencies:
      es6-promise "^4.0.3"
  
  extend@~3.0.1:
    version "3.0.1"
    resolved "https://registry.yarnpkg.com/extend/-/extend-3.0.1.tgz#a755ea7bc1adfcc5a31ce7e762dbaadc5e636444"
  
  extsprintf@1.3.0, extsprintf@1.4.0, extsprintf@^1.2.0, extsprintf@^1.3.0:
    version "1.4.0"
    resolved "https://registry.yarnpkg.com/extsprintf/-/extsprintf-1.4.0.tgz#e2689f8f356fad62cca65a3a91c5df5f9551692f"
  
  fast-deep-equal@^1.0.0:
    version "1.1.0"
    resolved "https://registry.yarnpkg.com/fast-deep-equal/-/fast-deep-equal-1.1.0.tgz#c053477817c86b51daa853c81e059b733d023614"
  
  fast-json-stable-stringify@^2.0.0:
    version "2.0.0"
    resolved "https://registry.yarnpkg.com/fast-json-stable-stringify/-/fast-json-stable-stringify-2.0.0.tgz#d5142c0caee6b1189f87d3a76111064f86c8bbf2"
  
  figgy-pudding@^3.1.0:
    version "3.1.0"
    resolved "https://registry.yarnpkg.com/figgy-pudding/-/figgy-pudding-3.1.0.tgz#a77ed2284175976c424b390b298569e9df86dd1e"
  
  flush-write-stream@^1.0.0:
    version "1.0.3"
    resolved "https://registry.yarnpkg.com/flush-write-stream/-/flush-write-stream-1.0.3.tgz#c5d586ef38af6097650b49bc41b55fabb19f35bd"
    dependencies:
      inherits "^2.0.1"
      readable-stream "^2.0.4"
  
  forever-agent@~0.6.1:
    version "0.6.1"
    resolved "https://registry.yarnpkg.com/forever-agent/-/forever-agent-0.6.1.tgz#fbc71f0c41adeb37f96c577ad1ed42d8fdacca91"
  
  form-data@2.3.2, form-data@~2.3.1:
    version "2.3.2"
    resolved "https://registry.yarnpkg.com/form-data/-/form-data-2.3.2.tgz#4970498be604c20c005d4f5c23aecd21d6b49099"
    dependencies:
      asynckit "^0.4.0"
      combined-stream "1.0.6"
      mime-types "^2.1.12"
  
  from2@2.3.0, from2@^2.1.0:
    version "2.3.0"
    resolved "https://registry.yarnpkg.com/from2/-/from2-2.3.0.tgz#8bfb5502bde4a4d36cfdeea007fcca21d7e382af"
    dependencies:
      inherits "^2.0.1"
      readable-stream "^2.0.0"
  
  fs-minipass@^1.2.5:
    version "1.2.5"
    resolved "https://registry.yarnpkg.com/fs-minipass/-/fs-minipass-1.2.5.tgz#06c277218454ec288df77ada54a03b8702aacb9d"
    dependencies:
      minipass "^2.2.1"
  
  fs-write-stream-atomic@^1.0.8:
    version "1.0.10"
    resolved "https://registry.yarnpkg.com/fs-write-stream-atomic/-/fs-write-stream-atomic-1.0.10.tgz#b47df53493ef911df75731e70a9ded0189db40c9"
    dependencies:
      graceful-fs "^4.1.2"
      iferr "^0.1.5"
      imurmurhash "^0.1.4"
      readable-stream "1 || 2"
  
  fs.realpath@^1.0.0:
    version "1.0.0"
    resolved "https://registry.yarnpkg.com/fs.realpath/-/fs.realpath-1.0.0.tgz#1504ad2523158caa40db4a2787cb01411994ea4f"
  
  getpass@^0.1.1:
    version "0.1.7"
    resolved "https://registry.yarnpkg.com/getpass/-/getpass-0.1.7.tgz#5eff8e3e684d569ae4cb2b1282604e8ba62149fa"
    dependencies:
      assert-plus "^1.0.0"
  
  glob@^7.0.5, glob@^7.1.2:
    version "7.1.2"
    resolved "https://registry.yarnpkg.com/glob/-/glob-7.1.2.tgz#c19c9df9a028702d678612384a6552404c636d15"
    dependencies:
      fs.realpath "^1.0.0"
      inflight "^1.0.4"
      inherits "2"
      minimatch "^3.0.4"
      once "^1.3.0"
      path-is-absolute "^1.0.0"
  
  graceful-fs@^4.1.11, graceful-fs@^4.1.2:
    version "4.1.11"
    resolved "https://registry.yarnpkg.com/graceful-fs/-/graceful-fs-4.1.11.tgz#0e8bdfe4d1ddb8854d64e04ea7c00e2a026e5658"
  
  har-schema@2.0.0, har-schema@^2.0.0:
    version "2.0.0"
    resolved "https://registry.yarnpkg.com/har-schema/-/har-schema-2.0.0.tgz#a94c2224ebcac04782a0d9035521f24735b7ec92"
  
  har-validator@5.0.3, har-validator@~5.0.3:
    version "5.0.3"
    resolved "https://registry.yarnpkg.com/har-validator/-/har-validator-5.0.3.tgz#ba402c266194f15956ef15e0fcf242993f6a7dfd"
    dependencies:
      ajv "^5.1.0"
      har-schema "^2.0.0"
  
  hosted-git-info@^2.6.0:
    version "2.6.0"
    resolved "https://registry.yarnpkg.com/hosted-git-info/-/hosted-git-info-2.6.0.tgz#23235b29ab230c576aab0d4f13fc046b0b038222"
  
  http-cache-semantics@^3.8.1:
    version "3.8.1"
    resolved "https://registry.yarnpkg.com/http-cache-semantics/-/http-cache-semantics-3.8.1.tgz#39b0e16add9b605bf0a9ef3d9daaf4843b4cacd2"
  
  http-proxy-agent@^2.1.0:
    version "2.1.0"
    resolved "https://registry.yarnpkg.com/http-proxy-agent/-/http-proxy-agent-2.1.0.tgz#e4821beef5b2142a2026bd73926fe537631c5405"
    dependencies:
      agent-base "4"
      debug "3.1.0"
  
  http-signature@1.2.0, http-signature@~1.2.0:
    version "1.2.0"
    resolved "https://registry.yarnpkg.com/http-signature/-/http-signature-1.2.0.tgz#9aecd925114772f3d95b65a60abb8f7c18fbace1"
    dependencies:
      assert-plus "^1.0.0"
      jsprim "^1.2.2"
      sshpk "^1.7.0"
  
  https-proxy-agent@^2.2.1:
    version "2.2.1"
    resolved "https://registry.yarnpkg.com/https-proxy-agent/-/https-proxy-agent-2.2.1.tgz#51552970fa04d723e04c56d04178c3f92592bbc0"
    dependencies:
      agent-base "^4.1.0"
      debug "^3.1.0"
  
  humanize-ms@^1.2.1:
    version "1.2.1"
    resolved "https://registry.yarnpkg.com/humanize-ms/-/humanize-ms-1.2.1.tgz#c46e3159a293f6b896da29316d8b6fe8bb79bbed"
    dependencies:
      ms "^2.0.0"
  
  iconv-lite@~0.4.13:
    version "0.4.23"
    resolved "https://registry.yarnpkg.com/iconv-lite/-/iconv-lite-0.4.23.tgz#297871f63be507adcfbfca715d0cd0eed84e9a63"
    dependencies:
      safer-buffer ">= 2.1.2 < 3"
  
  iferr@1.0.0:
    version "1.0.0"
    resolved "https://registry.yarnpkg.com/iferr/-/iferr-1.0.0.tgz#36700e6a6d5d42e3e66b6d90fb55a018970b0aab"
  
  iferr@^0.1.5:
    version "0.1.5"
    resolved "https://registry.yarnpkg.com/iferr/-/iferr-0.1.5.tgz#c60eed69e6d8fdb6b3104a1fcbca1c192dc5b501"
  
  imurmurhash@^0.1.4:
    version "0.1.4"
    resolved "https://registry.yarnpkg.com/imurmurhash/-/imurmurhash-0.1.4.tgz#9218b9b2b928a238b13dc4fb6b6d576f231453ea"
  
  inflight@^1.0.4:
    version "1.0.6"
    resolved "https://registry.yarnpkg.com/inflight/-/inflight-1.0.6.tgz#49bd6331d7d02d0c09bc910a1075ba8165b56df9"
    dependencies:
      once "^1.3.0"
      wrappy "1"
  
  inherits@2, inherits@^2.0.1, inherits@^2.0.3, inherits@~2.0.3:
    version "2.0.3"
    resolved "https://registry.yarnpkg.com/inherits/-/inherits-2.0.3.tgz#633c2c83e3da42a502f52466022480f4208261de"
  
  ip@^1.1.5:
    version "1.1.5"
    resolved "https://registry.yarnpkg.com/ip/-/ip-1.1.5.tgz#bdded70114290828c0a039e72ef25f5aaec4354a"
  
  is-fullwidth-code-point@2.0.0, is-fullwidth-code-point@^2.0.0:
    version "2.0.0"
    resolved "https://registry.yarnpkg.com/is-fullwidth-code-point/-/is-fullwidth-code-point-2.0.0.tgz#a3b30a5c4f199183167aaab93beefae3ddfb654f"
  
  is-typedarray@~1.0.0:
    version "1.0.0"
    resolved "https://registry.yarnpkg.com/is-typedarray/-/is-typedarray-1.0.0.tgz#e479c80858df0c1b11ddda6940f96011fcda4a9a"
  
  isarray@1.0.0, isarray@~1.0.0:
    version "1.0.0"
    resolved "https://registry.yarnpkg.com/isarray/-/isarray-1.0.0.tgz#bb935d48582cba168c06834957a54a3e07124f11"
  
  isstream@~0.1.2:
    version "0.1.2"
    resolved "https://registry.yarnpkg.com/isstream/-/isstream-0.1.2.tgz#47e63f7af55afa6f92e1500e690eb8b8529c099a"
  
  jsbn@~0.1.0:
    version "0.1.1"
    resolved "https://registry.yarnpkg.com/jsbn/-/jsbn-0.1.1.tgz#a5e654c2e5a2deb5f201d96cefbca80c0ef2f513"
  
  json-parse-better-errors@^1.0.0:
    version "1.0.2"
    resolved "https://registry.yarnpkg.com/json-parse-better-errors/-/json-parse-better-errors-1.0.2.tgz#bb867cfb3450e69107c131d1c514bab3dc8bcaa9"
  
  json-schema-traverse@^0.3.0:
    version "0.3.1"
    resolved "https://registry.yarnpkg.com/json-schema-traverse/-/json-schema-traverse-0.3.1.tgz#349a6d44c53a51de89b40805c5d5e59b417d3340"
  
  json-schema@0.2.3:
    version "0.2.3"
    resolved "https://registry.yarnpkg.com/json-schema/-/json-schema-0.2.3.tgz#b480c892e59a2f05954ce727bd3f2a4e882f9e13"
  
  json-stringify-safe@~5.0.1:
    version "5.0.1"
    resolved "https://registry.yarnpkg.com/json-stringify-safe/-/json-stringify-safe-5.0.1.tgz#1296a2d58fd45f19a0f6ce01d65701e2c735b6eb"
  
  jsprim@^1.2.2:
    version "1.4.1"
    resolved "https://registry.yarnpkg.com/jsprim/-/jsprim-1.4.1.tgz#313e66bc1e5cc06e438bc1b7499c2e5c56acb6a2"
    dependencies:
      assert-plus "1.0.0"
      extsprintf "1.3.0"
      json-schema "0.2.3"
      verror "1.10.0"
  
  little-pubsub@^0.2.0:
    version "0.2.0"
    resolved "https://registry.yarnpkg.com/little-pubsub/-/little-pubsub-0.2.0.tgz#685d915e021e118b062f675b8fe6e9dfb94538ef"
  
  lru-cache@^4.1.2:
    version "4.1.3"
    resolved "https://registry.yarnpkg.com/lru-cache/-/lru-cache-4.1.3.tgz#a1175cf3496dfc8436c156c334b4955992bce69c"
    dependencies:
      pseudomap "^1.0.2"
      yallist "^2.1.2"
  
  make-fetch-happen@4.0.1, make-fetch-happen@^4.0.0:
    version "4.0.1"
    resolved "https://registry.yarnpkg.com/make-fetch-happen/-/make-fetch-happen-4.0.1.tgz#141497cb878f243ba93136c83d8aba12c216c083"
    dependencies:
      agentkeepalive "^3.4.1"
      cacache "^11.0.1"
      http-cache-semantics "^3.8.1"
      http-proxy-agent "^2.1.0"
      https-proxy-agent "^2.2.1"
      lru-cache "^4.1.2"
      mississippi "^3.0.0"
      node-fetch-npm "^2.0.2"
      promise-retry "^1.1.1"
      socks-proxy-agent "^4.0.0"
      ssri "^6.0.0"
  
  mime-db@~1.33.0:
    version "1.33.0"
    resolved "https://registry.yarnpkg.com/mime-db/-/mime-db-1.33.0.tgz#a3492050a5cb9b63450541e39d9788d2272783db"
  
  mime-types@^2.1.12, mime-types@~2.1.17:
    version "2.1.18"
    resolved "https://registry.yarnpkg.com/mime-types/-/mime-types-2.1.18.tgz#6f323f60a83d11146f831ff11fd66e2fe5503bb8"
    dependencies:
      mime-db "~1.33.0"
  
  minimatch@^3.0.4:
    version "3.0.4"
    resolved "https://registry.yarnpkg.com/minimatch/-/minimatch-3.0.4.tgz#5166e286457f03306064be5497e8dbb0c3d32083"
    dependencies:
      brace-expansion "^1.1.7"
  
  minimist@0.0.8:
    version "0.0.8"
    resolved "https://registry.yarnpkg.com/minimist/-/minimist-0.0.8.tgz#857fcabfc3397d2625b8228262e86aa7a011b05d"
  
  minimist@1.2.0:
    version "1.2.0"
    resolved "https://registry.yarnpkg.com/minimist/-/minimist-1.2.0.tgz#a35008b20f41383eec1fb914f4cd5df79a264284"
  
  minipass@^2.2.1, minipass@^2.3.3:
    version "2.3.3"
    resolved "https://registry.yarnpkg.com/minipass/-/minipass-2.3.3.tgz#a7dcc8b7b833f5d368759cce544dccb55f50f233"
    dependencies:
      safe-buffer "^5.1.2"
      yallist "^3.0.0"
  
  minizlib@^1.1.0:
    version "1.1.0"
    resolved "https://registry.yarnpkg.com/minizlib/-/minizlib-1.1.0.tgz#11e13658ce46bc3a70a267aac58359d1e0c29ceb"
    dependencies:
      minipass "^2.2.1"
  
  mississippi@3.0.0, mississippi@^3.0.0:
    version "3.0.0"
    resolved "https://registry.yarnpkg.com/mississippi/-/mississippi-3.0.0.tgz#ea0a3291f97e0b5e8776b363d5f0a12d94c67022"
    dependencies:
      concat-stream "^1.5.0"
      duplexify "^3.4.2"
      end-of-stream "^1.1.0"
      flush-write-stream "^1.0.0"
      from2 "^2.1.0"
      parallel-transform "^1.1.0"
      pump "^3.0.0"
      pumpify "^1.3.3"
      stream-each "^1.1.0"
      through2 "^2.0.0"
  
  mkdirp@^0.5.0, mkdirp@^0.5.1:
    version "0.5.1"
    resolved "https://registry.yarnpkg.com/mkdirp/-/mkdirp-0.5.1.tgz#30057438eac6cf7f8c4767f38648d6697d75c903"
    dependencies:
      minimist "0.0.8"
  
  move-concurrently@^1.0.1:
    version "1.0.1"
    resolved "https://registry.yarnpkg.com/move-concurrently/-/move-concurrently-1.0.1.tgz#be2c005fda32e0b29af1f05d7c4b33214c701f92"
    dependencies:
      aproba "^1.1.1"
      copy-concurrently "^1.0.0"
      fs-write-stream-atomic "^1.0.8"
      mkdirp "^0.5.1"
      rimraf "^2.5.4"
      run-queue "^1.0.3"
  
  ms@2.0.0, ms@2.1.1, ms@^2.0.0:
    version "2.1.1"
    resolved "https://registry.yarnpkg.com/ms/-/ms-2.1.1.tgz#30a5864eb3ebb0a66f2ebe6d727af06a09d86e0a"
  
  node-fetch-npm@^2.0.2:
    version "2.0.2"
    resolved "https://registry.yarnpkg.com/node-fetch-npm/-/node-fetch-npm-2.0.2.tgz#7258c9046182dca345b4208eda918daf33697ff7"
    dependencies:
      encoding "^0.1.11"
      json-parse-better-errors "^1.0.0"
      safe-buffer "^5.1.1"
  
  nopt@4.0.1:
    version "4.0.1"
    resolved "https://registry.yarnpkg.com/nopt/-/nopt-4.0.1.tgz#d0d4685afd5415193c8c7505602d0d17cd64474d"
    dependencies:
      abbrev "1"
      osenv "^0.1.4"
  
  npm-package-arg@^6.0.0:
    version "6.1.0"
    resolved "https://registry.yarnpkg.com/npm-package-arg/-/npm-package-arg-6.1.0.tgz#15ae1e2758a5027efb4c250554b85a737db7fcc1"
    dependencies:
      hosted-git-info "^2.6.0"
      osenv "^0.1.5"
      semver "^5.5.0"
      validate-npm-package-name "^3.0.0"
  
  npm-registry-fetch@3.1.1:
    version "3.1.1"
    resolved "https://registry.yarnpkg.com/npm-registry-fetch/-/npm-registry-fetch-3.1.1.tgz#e96bae698afdd45d4a01aca29e881fc0bc55206c"
    dependencies:
      bluebird "^3.5.1"
      figgy-pudding "^3.1.0"
      lru-cache "^4.1.2"
      make-fetch-happen "^4.0.0"
      npm-package-arg "^6.0.0"
  
  oauth-sign@~0.8.2:
    version "0.8.2"
    resolved "https://registry.yarnpkg.com/oauth-sign/-/oauth-sign-0.8.2.tgz#46a6ab7f0aead8deae9ec0565780b7d4efeb9d43"
  
  once@^1.3.0, once@^1.3.1, once@^1.4.0:
    version "1.4.0"
    resolved "https://registry.yarnpkg.com/once/-/once-1.4.0.tgz#583b1aa775961d4b113ac17d9c50baef9dd76bd1"
    dependencies:
      wrappy "1"
  
  os-homedir@^1.0.0:
    version "1.0.2"
    resolved "https://registry.yarnpkg.com/os-homedir/-/os-homedir-1.0.2.tgz#ffbc4988336e0e833de0c168c7ef152121aa7fb3"
  
  os-tmpdir@^1.0.0:
    version "1.0.2"
    resolved "https://registry.yarnpkg.com/os-tmpdir/-/os-tmpdir-1.0.2.tgz#bbe67406c79aa85c5cfec766fe5734555dfa1274"
  
  osenv@^0.1.4, osenv@^0.1.5:
    version "0.1.5"
    resolved "https://registry.yarnpkg.com/osenv/-/osenv-0.1.5.tgz#85cdfafaeb28e8677f416e287592b5f3f49ea410"
    dependencies:
      os-homedir "^1.0.0"
      os-tmpdir "^1.0.0"
  
  parallel-transform@^1.1.0:
    version "1.1.0"
    resolved "https://registry.yarnpkg.com/parallel-transform/-/parallel-transform-1.1.0.tgz#d410f065b05da23081fcd10f28854c29bda33b06"
    dependencies:
      cyclist "~0.2.2"
      inherits "^2.0.3"
      readable-stream "^2.1.5"
  
  path-is-absolute@^1.0.0:
    version "1.0.1"
    resolved "https://registry.yarnpkg.com/path-is-absolute/-/path-is-absolute-1.0.1.tgz#174b9268735534ffbc7ace6bf53a5a9e1b5c5f5f"
  
  performance-now@2.1.0, performance-now@^2.1.0:
    version "2.1.0"
    resolved "https://registry.yarnpkg.com/performance-now/-/performance-now-2.1.0.tgz#6309f4e0e5fa913ec1c69307ae364b4b377c9e7b"
  
  process-nextick-args@~2.0.0:
    version "2.0.0"
    resolved "https://registry.yarnpkg.com/process-nextick-args/-/process-nextick-args-2.0.0.tgz#a37d732f4271b4ab1ad070d35508e8290788ffaa"
  
  promise-inflight@^1.0.1:
    version "1.0.1"
    resolved "https://registry.yarnpkg.com/promise-inflight/-/promise-inflight-1.0.1.tgz#98472870bf228132fcbdd868129bad12c3c029e3"
  
  promise-retry@^1.1.1:
    version "1.1.1"
    resolved "https://registry.yarnpkg.com/promise-retry/-/promise-retry-1.1.1.tgz#6739e968e3051da20ce6497fb2b50f6911df3d6d"
    dependencies:
      err-code "^1.0.0"
      retry "^0.10.0"
  
  pseudomap@^1.0.2:
    version "1.0.2"
    resolved "https://registry.yarnpkg.com/pseudomap/-/pseudomap-1.0.2.tgz#f052a28da70e618917ef0a8ac34c1ae5a68286b3"
  
  pump@3.0.0, pump@^3.0.0:
    version "3.0.0"
    resolved "https://registry.yarnpkg.com/pump/-/pump-3.0.0.tgz#b4a2116815bde2f4e1ea602354e8c75565107a64"
    dependencies:
      end-of-stream "^1.1.0"
      once "^1.3.1"
  
  pump@^2.0.0:
    version "2.0.1"
    resolved "https://registry.yarnpkg.com/pump/-/pump-2.0.1.tgz#12399add6e4cf7526d973cbc8b5ce2e2908b3909"
    dependencies:
      end-of-stream "^1.1.0"
      once "^1.3.1"
  
  pumpify@^1.3.3:
    version "1.5.1"
    resolved "https://registry.yarnpkg.com/pumpify/-/pumpify-1.5.1.tgz#36513be246ab27570b1a374a5ce278bfd74370ce"
    dependencies:
      duplexify "^3.6.0"
      inherits "^2.0.3"
      pump "^2.0.0"
  
  punycode@^1.4.1:
    version "1.4.1"
    resolved "https://registry.yarnpkg.com/punycode/-/punycode-1.4.1.tgz#c0d5a63b2718800ad8e1eb0fa5269c84dd41845e"
  
  qs@6.5.2, qs@~6.5.1:
    version "6.5.2"
    resolved "https://registry.yarnpkg.com/qs/-/qs-6.5.2.tgz#cb3ae806e8740444584ef154ce8ee98d403f3e36"
  
  "readable-stream@1 || 2", readable-stream@2.3.6, readable-stream@^2.0.0, readable-stream@^2.0.4, readable-stream@^2.1.5, readable-stream@^2.2.2:
    version "2.3.6"
    resolved "https://registry.yarnpkg.com/readable-stream/-/readable-stream-2.3.6.tgz#b11c27d88b8ff1fbe070643cf94b0c79ae1b0aaf"
    dependencies:
      core-util-is "~1.0.0"
      inherits "~2.0.3"
      isarray "~1.0.0"
      process-nextick-args "~2.0.0"
      safe-buffer "~5.1.1"
      string_decoder "~1.1.1"
      util-deprecate "~1.0.1"
  
  request@2.87.0:
    version "2.87.0"
    resolved "https://registry.yarnpkg.com/request/-/request-2.87.0.tgz#32f00235cd08d482b4d0d68db93a829c0ed5756e"
    dependencies:
      aws-sign2 "~0.7.0"
      aws4 "^1.6.0"
      caseless "~0.12.0"
      combined-stream "~1.0.5"
      extend "~3.0.1"
      forever-agent "~0.6.1"
      form-data "~2.3.1"
      har-validator "~5.0.3"
      http-signature "~1.2.0"
      is-typedarray "~1.0.0"
      isstream "~0.1.2"
      json-stringify-safe "~5.0.1"
      mime-types "~2.1.17"
      oauth-sign "~0.8.2"
      performance-now "^2.1.0"
      qs "~6.5.1"
      safe-buffer "^5.1.1"
      tough-cookie "~2.3.3"
      tunnel-agent "^0.6.0"
      uuid "^3.1.0"
  
  retry@0.12.0:
    version "0.12.0"
    resolved "https://registry.yarnpkg.com/retry/-/retry-0.12.0.tgz#1b42a6266a21f07421d1b0b54b7dc167b01c013b"
  
  retry@^0.10.0:
    version "0.10.1"
    resolved "https://registry.yarnpkg.com/retry/-/retry-0.10.1.tgz#e76388d217992c252750241d3d3956fed98d8ff4"
  
  rimraf@^2.5.4, rimraf@^2.6.2:
    version "2.6.2"
    resolved "https://registry.yarnpkg.com/rimraf/-/rimraf-2.6.2.tgz#2ed8150d24a16ea8651e6d6ef0f47c4158ce7a36"
    dependencies:
      glob "^7.0.5"
  
  rollup@^0.59.4:
    version "0.59.4"
    resolved "https://registry.yarnpkg.com/rollup/-/rollup-0.59.4.tgz#6f80f7017c22667ff1bf3e62adf8624a44cc44aa"
    dependencies:
      "@types/estree" "0.0.39"
      "@types/node" "*"
  
  run-queue@^1.0.0, run-queue@^1.0.3:
    version "1.0.3"
    resolved "https://registry.yarnpkg.com/run-queue/-/run-queue-1.0.3.tgz#e848396f057d223f24386924618e25694161ec47"
    dependencies:
      aproba "^1.1.1"
  
  safe-buffer@^5.0.1, safe-buffer@^5.1.1, safe-buffer@^5.1.2, safe-buffer@~5.1.0, safe-buffer@~5.1.1:
    version "5.1.2"
    resolved "https://registry.yarnpkg.com/safe-buffer/-/safe-buffer-5.1.2.tgz#991ec69d296e0313747d59bdfd2b745c35f8828d"
  
  "safer-buffer@>= 2.1.2 < 3", safer-buffer@^2.0.2:
    version "2.1.2"
    resolved "https://registry.yarnpkg.com/safer-buffer/-/safer-buffer-2.1.2.tgz#44fa161b0187b9549dd84bb91802f9bd8385cd6a"
  
  semver@5.5.0, semver@^5.5.0:
    version "5.5.0"
    resolved "https://registry.yarnpkg.com/semver/-/semver-5.5.0.tgz#dc4bbc7a6ca9d916dee5d43516f0092b58f7b8ab"
  
  smart-buffer@4.0.1, smart-buffer@^4.0.1:
    version "4.0.1"
    resolved "https://registry.yarnpkg.com/smart-buffer/-/smart-buffer-4.0.1.tgz#07ea1ca8d4db24eb4cac86537d7d18995221ace3"
  
  socks-proxy-agent@4.0.1, socks-proxy-agent@^4.0.0:
    version "4.0.1"
    resolved "https://registry.yarnpkg.com/socks-proxy-agent/-/socks-proxy-agent-4.0.1.tgz#5936bf8b707a993079c6f37db2091821bffa6473"
    dependencies:
      agent-base "~4.2.0"
      socks "~2.2.0"
  
  socks@2.2.0, socks@~2.2.0:
    version "2.2.0"
    resolved "https://registry.yarnpkg.com/socks/-/socks-2.2.0.tgz#144985b3331ced3ab5ccbee640ab7cb7d43fdd1f"
    dependencies:
      ip "^1.1.5"
      smart-buffer "^4.0.1"
  
  sshpk@^1.7.0:
    version "1.14.2"
    resolved "https://registry.yarnpkg.com/sshpk/-/sshpk-1.14.2.tgz#c6fc61648a3d9c4e764fd3fcdf4ea105e492ba98"
    dependencies:
      asn1 "~0.2.3"
      assert-plus "^1.0.0"
      dashdash "^1.12.0"
      getpass "^0.1.1"
      safer-buffer "^2.0.2"
    optionalDependencies:
      bcrypt-pbkdf "^1.0.0"
      ecc-jsbn "~0.1.1"
      jsbn "~0.1.0"
      tweetnacl "~0.14.0"
  
  ssri@6.0.0, ssri@^6.0.0:
    version "6.0.0"
    resolved "https://registry.yarnpkg.com/ssri/-/ssri-6.0.0.tgz#fc21bfc90e03275ac3e23d5a42e38b8a1cbc130d"
  
  stream-each@^1.1.0:
    version "1.2.2"
    resolved "https://registry.yarnpkg.com/stream-each/-/stream-each-1.2.2.tgz#8e8c463f91da8991778765873fe4d960d8f616bd"
    dependencies:
      end-of-stream "^1.1.0"
      stream-shift "^1.0.0"
  
  stream-shift@^1.0.0:
    version "1.0.0"
    resolved "https://registry.yarnpkg.com/stream-shift/-/stream-shift-1.0.0.tgz#d5c752825e5367e786f78e18e445ea223a155952"
  
  string-width@2.1.1:
    version "2.1.1"
    resolved "https://registry.yarnpkg.com/string-width/-/string-width-2.1.1.tgz#ab93f27a8dc13d28cac815c462143a6d9012ae9e"
    dependencies:
      is-fullwidth-code-point "^2.0.0"
      strip-ansi "^4.0.0"
  
  string_decoder@1.1.1, string_decoder@~1.1.1:
    version "1.1.1"
    resolved "https://registry.yarnpkg.com/string_decoder/-/string_decoder-1.1.1.tgz#9cf1611ba62685d7030ae9e4ba34149c3af03fc8"
    dependencies:
      safe-buffer "~5.1.0"
  
  strip-ansi@4.0.0, strip-ansi@^4.0.0:
    version "4.0.0"
    resolved "https://registry.yarnpkg.com/strip-ansi/-/strip-ansi-4.0.0.tgz#a8479022eb1ac368a871389b635262c505ee368f"
    dependencies:
      ansi-regex "^3.0.0"
  
  tar@4.4.4:
    version "4.4.4"
    resolved "https://registry.yarnpkg.com/tar/-/tar-4.4.4.tgz#ec8409fae9f665a4355cc3b4087d0820232bb8cd"
    dependencies:
      chownr "^1.0.1"
      fs-minipass "^1.2.5"
      minipass "^2.3.3"
      minizlib "^1.1.0"
      mkdirp "^0.5.0"
      safe-buffer "^5.1.2"
      yallist "^3.0.2"
  
  through2@^2.0.0:
    version "2.0.3"
    resolved "https://registry.yarnpkg.com/through2/-/through2-2.0.3.tgz#0004569b37c7c74ba39c43f3ced78d1ad94140be"
    dependencies:
      readable-stream "^2.1.5"
      xtend "~4.0.1"
  
  tough-cookie@~2.3.3:
    version "2.3.4"
    resolved "https://registry.yarnpkg.com/tough-cookie/-/tough-cookie-2.3.4.tgz#ec60cee38ac675063ffc97a5c18970578ee83655"
    dependencies:
      punycode "^1.4.1"
  
  tunnel-agent@^0.6.0:
    version "0.6.0"
    resolved "https://registry.yarnpkg.com/tunnel-agent/-/tunnel-agent-0.6.0.tgz#27a5dea06b36b04a0a9966774b290868f0fc40fd"
    dependencies:
      safe-buffer "^5.0.1"
  
  tweetnacl@^0.14.3, tweetnacl@~0.14.0:
    version "0.14.5"
    resolved "https://registry.yarnpkg.com/tweetnacl/-/tweetnacl-0.14.5.tgz#5ae68177f192d4456269d108afa93ff8743f4f64"
  
  typedarray@^0.0.6:
    version "0.0.6"
    resolved "https://registry.yarnpkg.com/typedarray/-/typedarray-0.0.6.tgz#867ac74e3864187b1d3d47d996a78ec5c8830777"
  
  unique-filename@^1.1.0:
    version "1.1.0"
    resolved "https://registry.yarnpkg.com/unique-filename/-/unique-filename-1.1.0.tgz#d05f2fe4032560871f30e93cbe735eea201514f3"
    dependencies:
      unique-slug "^2.0.0"
  
  unique-slug@^2.0.0:
    version "2.0.0"
    resolved "https://registry.yarnpkg.com/unique-slug/-/unique-slug-2.0.0.tgz#db6676e7c7cc0629878ff196097c78855ae9f4ab"
    dependencies:
      imurmurhash "^0.1.4"
  
  util-deprecate@~1.0.1:
    version "1.0.2"
    resolved "https://registry.yarnpkg.com/util-deprecate/-/util-deprecate-1.0.2.tgz#450d4dc9fa70de732762fbd2d4a28981419a0ccf"
  
  uuid@^3.1.0, uuid@^3.2.1:
    version "3.2.1"
    resolved "https://registry.yarnpkg.com/uuid/-/uuid-3.2.1.tgz#12c528bb9d58d0b9265d9a2f6f0fe8be17ff1f14"
  
  validate-npm-package-name@^3.0.0:
    version "3.0.0"
    resolved "https://registry.yarnpkg.com/validate-npm-package-name/-/validate-npm-package-name-3.0.0.tgz#5fa912d81eb7d0c74afc140de7317f0ca7df437e"
    dependencies:
      builtins "^1.0.3"
  
  verror@1.10.0:
    version "1.10.0"
    resolved "https://registry.yarnpkg.com/verror/-/verror-1.10.0.tgz#3a105ca17053af55d6e270c1f8288682e18da400"
    dependencies:
      assert-plus "^1.0.0"
      core-util-is "1.0.2"
      extsprintf "^1.2.0"
  
  wrappy@1:
    version "1.0.2"
    resolved "https://registry.yarnpkg.com/wrappy/-/wrappy-1.0.2.tgz#b5243d8f3ec1aa35f1364605bc0d1036e30ab69f"
  
  xtend@~4.0.1:
    version "4.0.1"
    resolved "https://registry.yarnpkg.com/xtend/-/xtend-4.0.1.tgz#a5c6d532be656e23db820efb943a1f04998d63af"
  
  y18n@4.0.0, y18n@^4.0.0:
    version "4.0.0"
    resolved "https://registry.yarnpkg.com/y18n/-/y18n-4.0.0.tgz#95ef94f85ecc81d007c264e190a120f0a3c8566b"
  
  yallist@3.0.2, yallist@^3.0.0, yallist@^3.0.2:
    version "3.0.2"
    resolved "https://registry.yarnpkg.com/yallist/-/yallist-3.0.2.tgz#8452b4bb7e83c7c188d8041c1a837c773d6d8bb9"
  
  yallist@^2.1.2:
    version "2.1.2"
    resolved "https://registry.yarnpkg.com/yallist/-/yallist-2.1.2.tgz#1c11f9218f076089a47dd512f93c6699a6a81d52"
